<?xml version="1.0" encoding="UTF-8"?>
<testsuite xmlns:xsi="http://www.w3.org/2001/XMLSchema-instance" xsi:noNamespaceSchemaLocation="https://maven.apache.org/surefire/maven-surefire-plugin/xsd/surefire-test-report-3.0.xsd" version="3.0" name="com.treball_entorns.CalculatorTest" time="0.057" tests="6" errors="0" skipped="0" failures="0">
  <properties>
[...]
</properties>
  <testcase name="shouldSubtractTwoNumbers" classname="com.treball_entorns.CalculatorTest" time="0.022"/>
  <testcase name="shouldThrowExceptionWhenDividingByZero" classname="com.treball_entorns.CalculatorTest" time="0.004"/>
  <testcase name="shouldDivideTwoNumbers" classname="com.treball_entorns.CalculatorTest" time="0.001"/>
  <testcase name="shouldMultiplyTwoNumbers" classname="com.treball_entorns.CalculatorTest" time="0.001"/>
  <testcase name="shouldThrowExceptionForInvalidOperator" classname="com.treball_entorns.CalculatorTest" time="0.002"/>
  <testcase name="shouldAddTwoNumbers" classname="com.treball_entorns.CalculatorTest" time="0.0"/>
</testsuite>